This file contains any messages produced by compilers while
running configure, to aid debugging if configure makes a mistake.

It was created by configure, which was
generated by GNU Autoconf 2.67.  Invocation command line was

  $ ./configure 

## --------- ##
## Platform. ##
## --------- ##

hostname = kallaspriit
uname -m = x86_64
uname -r = 2.6.35-28-generic
uname -s = Linux
uname -v = #50-Ubuntu SMP Fri Mar 18 18:42:20 UTC 2011

/usr/bin/uname -p = unknown
/bin/uname -X     = unknown

/bin/arch              = unknown
/usr/bin/arch -k       = unknown
/usr/convex/getsysinfo = unknown
/usr/bin/hostinfo      = unknown
/bin/machine           = unknown
/usr/bin/oslevel       = unknown
/bin/universe          = unknown

PATH: /usr/local/sbin
PATH: /usr/local/bin
PATH: /usr/sbin
PATH: /usr/bin
PATH: /sbin
PATH: /bin
PATH: /usr/games


## ----------- ##
## Core tests. ##
## ----------- ##

configure:2316: checking for grep that handles long lines and -e
configure:2374: result: /bin/grep
configure:2379: checking for egrep
configure:2441: result: /bin/grep -E
configure:2446: checking for a sed that does not truncate output
configure:2510: result: /bin/sed
configure:2644: checking for cc
configure:2660: found /usr/bin/cc
configure:2671: result: cc
configure:2702: checking for C compiler version
configure:2711: cc --version >&5
cc (Ubuntu/Linaro 4.4.4-14ubuntu5) 4.4.5
Copyright (C) 2010 Free Software Foundation, Inc.
This is free software; see the source for copying conditions.  There is NO
warranty; not even for MERCHANTABILITY or FITNESS FOR A PARTICULAR PURPOSE.

configure:2722: $? = 0
configure:2711: cc -v >&5
Using built-in specs.
Target: x86_64-linux-gnu
Configured with: ../src/configure -v --with-pkgversion='Ubuntu/Linaro 4.4.4-14ubuntu5' --with-bugurl=file:///usr/share/doc/gcc-4.4/README.Bugs --enable-languages=c,c++,fortran,objc,obj-c++ --prefix=/usr --program-suffix=-4.4 --enable-shared --enable-multiarch --enable-linker-build-id --with-system-zlib --libexecdir=/usr/lib --without-included-gettext --enable-threads=posix --with-gxx-include-dir=/usr/include/c++/4.4 --libdir=/usr/lib --enable-nls --with-sysroot=/ --enable-clocale=gnu --enable-libstdcxx-debug --enable-objc-gc --disable-werror --with-arch-32=i686 --with-tune=generic --enable-checking=release --build=x86_64-linux-gnu --host=x86_64-linux-gnu --target=x86_64-linux-gnu
Thread model: posix
gcc version 4.4.5 (Ubuntu/Linaro 4.4.4-14ubuntu5) 
configure:2722: $? = 0
configure:2711: cc -V >&5
cc: '-V' option must have argument
configure:2722: $? = 1
configure:2711: cc -qversion >&5
cc: unrecognized option '-qversion'
cc: no input files
configure:2722: $? = 1
configure:2742: checking whether the C compiler works
configure:2764: cc    conftest.c  >&5
configure:2768: $? = 0
configure:2816: result: yes
configure:2819: checking for C compiler default output file name
configure:2821: result: a.out
configure:2827: checking for suffix of executables
configure:2834: cc -o conftest    conftest.c  >&5
configure:2838: $? = 0
configure:2860: result: 
configure:2882: checking whether we are cross compiling
configure:2890: cc -o conftest    conftest.c  >&5
configure:2894: $? = 0
configure:2901: ./conftest
configure:2905: $? = 0
configure:2920: result: no
configure:2925: checking for suffix of object files
configure:2947: cc -c   conftest.c >&5
configure:2951: $? = 0
configure:2972: result: o
configure:2976: checking whether we are using the GNU C compiler
configure:2995: cc -c   conftest.c >&5
configure:2995: $? = 0
configure:3004: result: yes
configure:3013: checking whether cc accepts -g
configure:3033: cc -c -g  conftest.c >&5
configure:3033: $? = 0
configure:3074: result: yes
configure:3091: checking for cc option to accept ISO C89
configure:3155: cc  -c -g -O2  conftest.c >&5
configure:3155: $? = 0
configure:3168: result: none needed
configure:3194: checking how to run the C preprocessor
configure:3225: cc -E  conftest.c
configure:3225: $? = 0
configure:3239: cc -E  conftest.c
conftest.c:9: fatal error: ac_nonexistent.h: No such file or directory
compilation terminated.
configure:3239: $? = 1
configure: failed program was:
| /* confdefs.h */
| #define PACKAGE_NAME ""
| #define PACKAGE_TARNAME ""
| #define PACKAGE_VERSION ""
| #define PACKAGE_STRING ""
| #define PACKAGE_BUGREPORT ""
| #define PACKAGE_URL ""
| /* end confdefs.h.  */
| #include <ac_nonexistent.h>
configure:3264: result: cc -E
configure:3284: cc -E  conftest.c
configure:3284: $? = 0
configure:3298: cc -E  conftest.c
conftest.c:9: fatal error: ac_nonexistent.h: No such file or directory
compilation terminated.
configure:3298: $? = 1
configure: failed program was:
| /* confdefs.h */
| #define PACKAGE_NAME ""
| #define PACKAGE_TARNAME ""
| #define PACKAGE_VERSION ""
| #define PACKAGE_STRING ""
| #define PACKAGE_BUGREPORT ""
| #define PACKAGE_URL ""
| /* end confdefs.h.  */
| #include <ac_nonexistent.h>
configure:3329: checking for icc
configure:3338: result: no
configure:3352: checking for suncc
configure:3361: result: no
configure:3379: checking whether cc understands -c and -o together
configure:3407: cc -c conftest.c -o conftest2.o >&5
configure:3411: $? = 0
configure:3417: cc -c conftest.c -o conftest2.o >&5
configure:3421: $? = 0
configure:3476: result: yes
configure:3490: checking for system library directory
configure:3508: result: lib
configure:3515: checking if compiler supports -R
configure:3534: cc -o conftest -g -O2   conftest.c -R /usr/lib  >&5
cc: unrecognized option '-R'
/usr/bin/ld: cannot find /usr/lib: File format not recognized
collect2: ld returned 1 exit status
configure:3534: $? = 1
configure: failed program was:
| /* confdefs.h */
| #define PACKAGE_NAME ""
| #define PACKAGE_TARNAME ""
| #define PACKAGE_VERSION ""
| #define PACKAGE_STRING ""
| #define PACKAGE_BUGREPORT ""
| #define PACKAGE_URL ""
| /* end confdefs.h.  */
| 
| int
| main ()
| {
| 
|   ;
|   return 0;
| }
configure:3544: result: no
configure:3549: checking if compiler supports -Wl,-rpath,
configure:3568: cc -o conftest -g -O2   conftest.c -Wl,-rpath,/usr/lib  >&5
configure:3568: $? = 0
configure:3578: result: yes
configure:3623: checking build system type
configure:3637: result: x86_64-unknown-linux-gnu
configure:3657: checking host system type
configure:3670: result: x86_64-unknown-linux-gnu
configure:3690: checking target system type
configure:3703: result: x86_64-unknown-linux-gnu
configure:3809: checking for PHP prefix
configure:3811: result: /usr
configure:3813: checking for PHP includes
configure:3815: result: -I/usr/include/php5 -I/usr/include/php5/main -I/usr/include/php5/TSRM -I/usr/include/php5/Zend -I/usr/include/php5/ext -I/usr/include/php5/ext/date/lib
configure:3817: checking for PHP extension directory
configure:3819: result: /usr/lib/php5/20090626
configure:3821: checking for PHP installed headers prefix
configure:3823: result: /usr/include/php5
configure:3826: checking if debug is enabled
configure:3852: result: no
configure:3855: checking if zts is enabled
configure:3881: result: no
configure:3955: checking for re2c
configure:3985: result: no
configure:4010: WARNING: You will need re2c 0.13.4 or later if you want to regenerate PHP parsers.
configure:4024: checking for gawk
configure:4055: result: no
configure:4024: checking for nawk
configure:4041: found /usr/bin/nawk
configure:4052: result: nawk
configure:4075: checking if nawk is broken
configure:4082: result: no
configure:4096: checking whether to enable the thrift_protocol extension
configure:4138: result: yes, shared
configure:4205: checking for g++
configure:4221: found /usr/bin/g++
configure:4232: result: g++
configure:4259: checking for C++ compiler version
configure:4268: g++ --version >&5
g++ (Ubuntu/Linaro 4.4.4-14ubuntu5) 4.4.5
Copyright (C) 2010 Free Software Foundation, Inc.
This is free software; see the source for copying conditions.  There is NO
warranty; not even for MERCHANTABILITY or FITNESS FOR A PARTICULAR PURPOSE.

configure:4279: $? = 0
configure:4268: g++ -v >&5
Using built-in specs.
Target: x86_64-linux-gnu
Configured with: ../src/configure -v --with-pkgversion='Ubuntu/Linaro 4.4.4-14ubuntu5' --with-bugurl=file:///usr/share/doc/gcc-4.4/README.Bugs --enable-languages=c,c++,fortran,objc,obj-c++ --prefix=/usr --program-suffix=-4.4 --enable-shared --enable-multiarch --enable-linker-build-id --with-system-zlib --libexecdir=/usr/lib --without-included-gettext --enable-threads=posix --with-gxx-include-dir=/usr/include/c++/4.4 --libdir=/usr/lib --enable-nls --with-sysroot=/ --enable-clocale=gnu --enable-libstdcxx-debug --enable-objc-gc --disable-werror --with-arch-32=i686 --with-tune=generic --enable-checking=release --build=x86_64-linux-gnu --host=x86_64-linux-gnu --target=x86_64-linux-gnu
Thread model: posix
gcc version 4.4.5 (Ubuntu/Linaro 4.4.4-14ubuntu5) 
configure:4279: $? = 0
configure:4268: g++ -V >&5
g++: '-V' option must have argument
configure:4279: $? = 1
configure:4268: g++ -qversion >&5
g++: unrecognized option '-qversion'
g++: no input files
configure:4279: $? = 1
configure:4283: checking whether we are using the GNU C++ compiler
configure:4302: g++ -c   conftest.cpp >&5
configure:4302: $? = 0
configure:4311: result: yes
configure:4320: checking whether g++ accepts -g
configure:4340: g++ -c -g  conftest.cpp >&5
configure:4340: $? = 0
configure:4381: result: yes
configure:4409: checking how to run the C++ preprocessor
configure:4436: g++ -E  conftest.cpp
configure:4436: $? = 0
configure:4450: g++ -E  conftest.cpp
conftest.cpp:9: fatal error: ac_nonexistent.h: No such file or directory
compilation terminated.
configure:4450: $? = 1
configure: failed program was:
| /* confdefs.h */
| #define PACKAGE_NAME ""
| #define PACKAGE_TARNAME ""
| #define PACKAGE_VERSION ""
| #define PACKAGE_STRING ""
| #define PACKAGE_BUGREPORT ""
| #define PACKAGE_URL ""
| /* end confdefs.h.  */
| #include <ac_nonexistent.h>
configure:4475: result: g++ -E
configure:4495: g++ -E  conftest.cpp
configure:4495: $? = 0
configure:4509: g++ -E  conftest.cpp
conftest.cpp:9: fatal error: ac_nonexistent.h: No such file or directory
compilation terminated.
configure:4509: $? = 1
configure: failed program was:
| /* confdefs.h */
| #define PACKAGE_NAME ""
| #define PACKAGE_TARNAME ""
| #define PACKAGE_VERSION ""
| #define PACKAGE_STRING ""
| #define PACKAGE_BUGREPORT ""
| #define PACKAGE_URL ""
| /* end confdefs.h.  */
| #include <ac_nonexistent.h>
configure:4966: checking for a sed that does not truncate output
configure:5030: result: /bin/sed
configure:5048: checking for fgrep
configure:5110: result: /bin/grep -F
configure:5145: checking for ld used by cc
configure:5212: result: /usr/bin/ld
configure:5219: checking if the linker (/usr/bin/ld) is GNU ld
configure:5234: result: yes
configure:5246: checking for BSD- or MS-compatible name lister (nm)
configure:5295: result: /usr/bin/nm -B
configure:5413: checking the name lister (/usr/bin/nm -B) interface
configure:5420: cc -c -g -O2  conftest.c >&5
configure:5423: /usr/bin/nm -B "conftest.o"
configure:5426: output
0000000000000000 B some_variable
configure:5433: result: BSD nm
configure:5436: checking whether ln -s works
configure:5440: result: yes
configure:5448: checking the maximum length of command line arguments
configure:5568: result: 1572864
configure:5585: checking whether the shell understands some XSI constructs
configure:5595: result: yes
configure:5599: checking whether the shell understands "+="
configure:5605: result: yes
configure:5640: checking for /usr/bin/ld option to reload object files
configure:5647: result: -r
configure:5716: checking for objdump
configure:5732: found /usr/bin/objdump
configure:5743: result: objdump
configure:5775: checking how to recognize dependent libraries
configure:5971: result: pass_all
configure:6031: checking for ar
configure:6047: found /usr/bin/ar
configure:6058: result: ar
configure:6136: checking for strip
configure:6152: found /usr/bin/strip
configure:6163: result: strip
configure:6235: checking for ranlib
configure:6251: found /usr/bin/ranlib
configure:6262: result: ranlib
configure:6352: checking command to parse /usr/bin/nm -B output from cc object
configure:6470: cc -c -g -O2  conftest.c >&5
configure:6473: $? = 0
configure:6477: /usr/bin/nm -B conftest.o \| sed -n -e 's/^.*[	 ]\([ABCDGIRSTW][ABCDGIRSTW]*\)[	 ][	 ]*\([_A-Za-z][_A-Za-z0-9]*\)$/\1 \2 \2/p' \> conftest.nm
configure:6480: $? = 0
configure:6534: cc -o conftest -g -O2   conftest.c conftstm.o >&5
configure:6537: $? = 0
configure:6575: result: ok
configure:6670: cc -c -g -O2  conftest.c >&5
configure:6673: $? = 0
configure:7378: checking for ANSI C header files
configure:7398: cc -c -g -O2  conftest.c >&5
configure:7398: $? = 0
configure:7471: cc -o conftest -g -O2   conftest.c  >&5
configure:7471: $? = 0
configure:7471: ./conftest
configure:7471: $? = 0
configure:7482: result: yes
configure:7495: checking for sys/types.h
configure:7495: cc -c -g -O2  conftest.c >&5
configure:7495: $? = 0
configure:7495: result: yes
configure:7495: checking for sys/stat.h
configure:7495: cc -c -g -O2  conftest.c >&5
configure:7495: $? = 0
configure:7495: result: yes
configure:7495: checking for stdlib.h
configure:7495: cc -c -g -O2  conftest.c >&5
configure:7495: $? = 0
configure:7495: result: yes
configure:7495: checking for string.h
configure:7495: cc -c -g -O2  conftest.c >&5
configure:7495: $? = 0
configure:7495: result: yes
configure:7495: checking for memory.h
configure:7495: cc -c -g -O2  conftest.c >&5
configure:7495: $? = 0
configure:7495: result: yes
configure:7495: checking for strings.h
configure:7495: cc -c -g -O2  conftest.c >&5
configure:7495: $? = 0
configure:7495: result: yes
configure:7495: checking for inttypes.h
configure:7495: cc -c -g -O2  conftest.c >&5
configure:7495: $? = 0
configure:7495: result: yes
configure:7495: checking for stdint.h
configure:7495: cc -c -g -O2  conftest.c >&5
configure:7495: $? = 0
configure:7495: result: yes
configure:7495: checking for unistd.h
configure:7495: cc -c -g -O2  conftest.c >&5
configure:7495: $? = 0
configure:7495: result: yes
configure:7509: checking for dlfcn.h
configure:7509: cc -c -g -O2  conftest.c >&5
configure:7509: $? = 0
configure:7509: result: yes
configure:7634: checking for C++ compiler version
configure:7643: g++ --version >&5
g++ (Ubuntu/Linaro 4.4.4-14ubuntu5) 4.4.5
Copyright (C) 2010 Free Software Foundation, Inc.
This is free software; see the source for copying conditions.  There is NO
warranty; not even for MERCHANTABILITY or FITNESS FOR A PARTICULAR PURPOSE.

configure:7654: $? = 0
configure:7643: g++ -v >&5
Using built-in specs.
Target: x86_64-linux-gnu
Configured with: ../src/configure -v --with-pkgversion='Ubuntu/Linaro 4.4.4-14ubuntu5' --with-bugurl=file:///usr/share/doc/gcc-4.4/README.Bugs --enable-languages=c,c++,fortran,objc,obj-c++ --prefix=/usr --program-suffix=-4.4 --enable-shared --enable-multiarch --enable-linker-build-id --with-system-zlib --libexecdir=/usr/lib --without-included-gettext --enable-threads=posix --with-gxx-include-dir=/usr/include/c++/4.4 --libdir=/usr/lib --enable-nls --with-sysroot=/ --enable-clocale=gnu --enable-libstdcxx-debug --enable-objc-gc --disable-werror --with-arch-32=i686 --with-tune=generic --enable-checking=release --build=x86_64-linux-gnu --host=x86_64-linux-gnu --target=x86_64-linux-gnu
Thread model: posix
gcc version 4.4.5 (Ubuntu/Linaro 4.4.4-14ubuntu5) 
configure:7654: $? = 0
configure:7643: g++ -V >&5
g++: '-V' option must have argument
configure:7654: $? = 1
configure:7643: g++ -qversion >&5
g++: unrecognized option '-qversion'
g++: no input files
configure:7654: $? = 1
configure:7658: checking whether we are using the GNU C++ compiler
configure:7686: result: yes
configure:7695: checking whether g++ accepts -g
configure:7756: result: yes
configure:7787: checking how to run the C++ preprocessor
configure:7853: result: g++ -E
configure:7873: g++ -E  conftest.cpp
configure:7873: $? = 0
configure:7887: g++ -E  conftest.cpp
conftest.cpp:21: fatal error: ac_nonexistent.h: No such file or directory
compilation terminated.
configure:7887: $? = 1
configure: failed program was:
| /* confdefs.h */
| #define PACKAGE_NAME ""
| #define PACKAGE_TARNAME ""
| #define PACKAGE_VERSION ""
| #define PACKAGE_STRING ""
| #define PACKAGE_BUGREPORT ""
| #define PACKAGE_URL ""
| #define COMPILE_DL_THRIFT_PROTOCOL 1
| #define STDC_HEADERS 1
| #define HAVE_SYS_TYPES_H 1
| #define HAVE_SYS_STAT_H 1
| #define HAVE_STDLIB_H 1
| #define HAVE_STRING_H 1
| #define HAVE_MEMORY_H 1
| #define HAVE_STRINGS_H 1
| #define HAVE_INTTYPES_H 1
| #define HAVE_STDINT_H 1
| #define HAVE_UNISTD_H 1
| #define HAVE_DLFCN_H 1
| /* end confdefs.h.  */
| #include <ac_nonexistent.h>
configure:8093: checking for objdir
configure:8108: result: .libs
configure:8404: checking if cc supports -fno-rtti -fno-exceptions
configure:8422: cc -c -g -O2  -fno-rtti -fno-exceptions conftest.c >&5
cc1: warning: command line option "-fno-rtti" is valid for C++/ObjC++ but not for C
configure:8426: $? = 0
configure:8439: result: no
configure:8459: checking for cc option to produce PIC
configure:8731: result: -fPIC -DPIC
configure:8743: checking if cc PIC flag -fPIC -DPIC works
configure:8761: cc -c -g -O2  -fPIC -DPIC -DPIC conftest.c >&5
configure:8765: $? = 0
configure:8778: result: yes
configure:8802: checking if cc static flag -static works
configure:8830: result: yes
configure:8845: checking if cc supports -c -o file.o
configure:8866: cc -c -g -O2  -o out/conftest2.o conftest.c >&5
configure:8870: $? = 0
configure:8892: result: yes
configure:8900: checking if cc supports -c -o file.o
configure:8947: result: yes
configure:8980: checking whether the cc linker (/usr/bin/ld -m elf_x86_64) supports shared libraries
configure:9971: result: yes
configure:10008: checking whether -lc should be explicitly linked in
configure:10013: cc -c -g -O2  conftest.c >&5
configure:10016: $? = 0
configure:10031: cc -shared conftest.o  -v -Wl,-soname -Wl,conftest -o conftest 2\>\&1 \| /bin/grep  -lc  \>/dev/null 2\>\&1
configure:10034: $? = 0
configure:10046: result: no
configure:10210: checking dynamic linker characteristics
configure:10643: cc -o conftest -g -O2   -Wl,-rpath -Wl,/foo conftest.c  >&5
configure:10643: $? = 0
configure:10873: result: GNU/Linux ld.so
configure:10975: checking how to hardcode library paths into programs
configure:11000: result: immediate
configure:11520: checking whether stripping libraries is possible
configure:11525: result: yes
configure:11560: checking if libtool supports shared libraries
configure:11562: result: yes
configure:11565: checking whether to build shared libraries
configure:11586: result: yes
configure:11589: checking whether to build static libraries
configure:11593: result: no
configure:11743: checking for ld used by g++
configure:11810: result: /usr/bin/ld -m elf_x86_64
configure:11817: checking if the linker (/usr/bin/ld -m elf_x86_64) is GNU ld
configure:11832: result: yes
configure:11887: checking whether the g++ linker (/usr/bin/ld -m elf_x86_64) supports shared libraries
configure:12800: result: yes
configure:12828: g++ -c -g -O2  conftest.cpp >&5
configure:12831: $? = 0
configure:13013: checking for g++ option to produce PIC
configure:13330: result: -fPIC -DPIC
configure:13339: checking if g++ PIC flag -fPIC -DPIC works
configure:13357: g++ -c -g -O2  -fPIC -DPIC -DPIC conftest.cpp >&5
configure:13361: $? = 0
configure:13374: result: yes
configure:13395: checking if g++ static flag -static works
configure:13423: result: yes
configure:13435: checking if g++ supports -c -o file.o
configure:13456: g++ -c -g -O2  -o out/conftest2.o conftest.cpp >&5
configure:13460: $? = 0
configure:13482: result: yes
configure:13487: checking if g++ supports -c -o file.o
configure:13534: result: yes
configure:13564: checking whether the g++ linker (/usr/bin/ld -m elf_x86_64) supports shared libraries
configure:13593: result: yes
configure:13730: checking dynamic linker characteristics
configure:14111: g++ -o conftest -g -O2   -Wl,-rpath -Wl,/foo conftest.cpp  >&5
configure:14111: $? = 0
configure:14341: result: GNU/Linux ld.so
configure:14392: checking how to hardcode library paths into programs
configure:14417: result: immediate
configure:14703: creating ./config.status

## ---------------------- ##
## Running config.status. ##
## ---------------------- ##

This file was extended by config.status, which was
generated by GNU Autoconf 2.67.  Invocation command line was

  CONFIG_FILES    = 
  CONFIG_HEADERS  = 
  CONFIG_LINKS    = 
  CONFIG_COMMANDS = 
  $ ./config.status 

on kallaspriit

config.status:935: creating config.h
config.status:1039: executing libtool commands

## ---------------- ##
## Cache variables. ##
## ---------------- ##

ac_cv_build=x86_64-unknown-linux-gnu
ac_cv_c_compiler_gnu=yes
ac_cv_cxx_compiler_gnu=yes
ac_cv_env_CCC_set=
ac_cv_env_CCC_value=
ac_cv_env_CC_set=
ac_cv_env_CC_value=
ac_cv_env_CFLAGS_set=
ac_cv_env_CFLAGS_value=
ac_cv_env_CPPFLAGS_set=
ac_cv_env_CPPFLAGS_value=
ac_cv_env_CPP_set=
ac_cv_env_CPP_value=
ac_cv_env_CXXCPP_set=
ac_cv_env_CXXCPP_value=
ac_cv_env_CXXFLAGS_set=
ac_cv_env_CXXFLAGS_value=
ac_cv_env_CXX_set=
ac_cv_env_CXX_value=
ac_cv_env_LDFLAGS_set=
ac_cv_env_LDFLAGS_value=
ac_cv_env_LIBS_set=
ac_cv_env_LIBS_value=
ac_cv_env_build_alias_set=
ac_cv_env_build_alias_value=
ac_cv_env_host_alias_set=
ac_cv_env_host_alias_value=
ac_cv_env_target_alias_set=
ac_cv_env_target_alias_value=
ac_cv_header_dlfcn_h=yes
ac_cv_header_inttypes_h=yes
ac_cv_header_memory_h=yes
ac_cv_header_stdc=yes
ac_cv_header_stdint_h=yes
ac_cv_header_stdlib_h=yes
ac_cv_header_string_h=yes
ac_cv_header_strings_h=yes
ac_cv_header_sys_stat_h=yes
ac_cv_header_sys_types_h=yes
ac_cv_header_unistd_h=yes
ac_cv_host=x86_64-unknown-linux-gnu
ac_cv_objext=o
ac_cv_path_EGREP='/bin/grep -E'
ac_cv_path_FGREP='/bin/grep -F'
ac_cv_path_GREP=/bin/grep
ac_cv_path_SED=/bin/sed
ac_cv_prog_AWK=nawk
ac_cv_prog_CPP='cc -E'
ac_cv_prog_CXXCPP='g++ -E'
ac_cv_prog_ac_ct_AR=ar
ac_cv_prog_ac_ct_CC=cc
ac_cv_prog_ac_ct_CXX=g++
ac_cv_prog_ac_ct_OBJDUMP=objdump
ac_cv_prog_ac_ct_RANLIB=ranlib
ac_cv_prog_ac_ct_STRIP=strip
ac_cv_prog_cc_c89=
ac_cv_prog_cc_cc_c_o=yes
ac_cv_prog_cc_g=yes
ac_cv_prog_cxx_g=yes
ac_cv_target=x86_64-unknown-linux-gnu
lt_cv_deplibs_check_method=pass_all
lt_cv_file_magic_cmd='$MAGIC_CMD'
lt_cv_file_magic_test_file=
lt_cv_ld_reload_flag=-r
lt_cv_nm_interface='BSD nm'
lt_cv_objdir=.libs
lt_cv_path_LD=/usr/bin/ld
lt_cv_path_LDCXX='/usr/bin/ld -m elf_x86_64'
lt_cv_path_NM='/usr/bin/nm -B'
lt_cv_prog_compiler_c_o=yes
lt_cv_prog_compiler_c_o_CXX=yes
lt_cv_prog_compiler_pic_works=yes
lt_cv_prog_compiler_pic_works_CXX=yes
lt_cv_prog_compiler_rtti_exceptions=no
lt_cv_prog_compiler_static_works=yes
lt_cv_prog_compiler_static_works_CXX=yes
lt_cv_prog_gnu_ld=yes
lt_cv_prog_gnu_ldcxx=yes
lt_cv_sys_global_symbol_pipe='sed -n -e '\''s/^.*[	 ]\([ABCDGIRSTW][ABCDGIRSTW]*\)[	 ][	 ]*\([_A-Za-z][_A-Za-z0-9]*\)$/\1 \2 \2/p'\'''
lt_cv_sys_global_symbol_to_c_name_address='sed -n -e '\''s/^: \([^ ]*\) $/  {\"\1\", (void *) 0},/p'\'' -e '\''s/^[ABCDGIRSTW]* \([^ ]*\) \([^ ]*\)$/  {"\2", (void *) \&\2},/p'\'''
lt_cv_sys_global_symbol_to_c_name_address_lib_prefix='sed -n -e '\''s/^: \([^ ]*\) $/  {\"\1\", (void *) 0},/p'\'' -e '\''s/^[ABCDGIRSTW]* \([^ ]*\) \(lib[^ ]*\)$/  {"\2", (void *) \&\2},/p'\'' -e '\''s/^[ABCDGIRSTW]* \([^ ]*\) \([^ ]*\)$/  {"lib\2", (void *) \&\2},/p'\'''
lt_cv_sys_global_symbol_to_cdecl='sed -n -e '\''s/^T .* \(.*\)$/extern int \1();/p'\'' -e '\''s/^[ABCDGIRSTW]* .* \(.*\)$/extern char \1;/p'\'''
lt_cv_sys_max_cmd_len=1572864
php_cv_cc_dashr=no
php_cv_cc_rpath=yes

## ----------------- ##
## Output variables. ##
## ----------------- ##

AR='ar'
AWK='nawk'
CC='cc'
CFLAGS='-g -O2'
CONFIGURE_COMMAND=' '\''./configure'\'' '
CONFIGURE_OPTIONS=''
CPP='cc -E'
CPPFLAGS=' -DHAVE_CONFIG_H'
CXX='g++'
CXXCPP='g++ -E'
CXXFLAGS='-g -O2'
DEFS='-DHAVE_CONFIG_H'
DSYMUTIL=''
DUMPBIN=''
ECHO_C=''
ECHO_N='-n'
ECHO_T=''
EGREP='/bin/grep -E'
EXEEXT=''
FGREP='/bin/grep -F'
GREP='/bin/grep'
LD='/usr/bin/ld -m elf_x86_64'
LDFLAGS=''
LIBOBJS=''
LIBS=''
LIBTOOL='$(SHELL) $(top_builddir)/libtool'
LIPO=''
LN_S='ln -s'
LTLIBOBJS=''
NM='/usr/bin/nm -B'
NMEDIT=''
OBJDUMP='objdump'
OBJEXT='o'
OTOOL64=''
OTOOL=''
PACKAGE_BUGREPORT=''
PACKAGE_NAME=''
PACKAGE_STRING=''
PACKAGE_TARNAME=''
PACKAGE_URL=''
PACKAGE_VERSION=''
PATH_SEPARATOR=':'
RANLIB='ranlib'
RE2C='exit 0;'
SED='/bin/sed'
SHELL='/bin/bash'
SHLIB_DL_SUFFIX_NAME='so'
SHLIB_SUFFIX_NAME='so'
STRIP='strip'
ac_ct_CC='cc'
ac_ct_CXX='g++'
ac_ct_DUMPBIN=''
bindir='${exec_prefix}/bin'
build='x86_64-unknown-linux-gnu'
build_alias=''
build_cpu='x86_64'
build_os='linux-gnu'
build_vendor='unknown'
datadir='${datarootdir}'
datarootdir='${prefix}/share'
docdir='${datarootdir}/doc/${PACKAGE}'
dvidir='${docdir}'
exec_prefix='$(prefix)'
host='x86_64-unknown-linux-gnu'
host_alias='x86_64-unknown-linux-gnu'
host_cpu='x86_64'
host_os='linux-gnu'
host_vendor='unknown'
htmldir='${docdir}'
includedir='${prefix}/include'
infodir='${datarootdir}/info'
libdir='${exec_prefix}/lib'
libexecdir='${exec_prefix}/libexec'
localedir='${datarootdir}/locale'
localstatedir='${prefix}/var'
lt_ECHO='echo'
mandir='${datarootdir}/man'
oldincludedir='/usr/include'
pdfdir='${docdir}'
prefix='/usr'
program_transform_name='s,x,x,'
psdir='${docdir}'
sbindir='${exec_prefix}/sbin'
sharedstatedir='${prefix}/com'
sysconfdir='${prefix}/etc'
target='x86_64-unknown-linux-gnu'
target_alias=''
target_cpu='x86_64'
target_os='linux-gnu'
target_vendor='unknown'

## ----------- ##
## confdefs.h. ##
## ----------- ##

/* confdefs.h */
#define PACKAGE_NAME ""
#define PACKAGE_TARNAME ""
#define PACKAGE_VERSION ""
#define PACKAGE_STRING ""
#define PACKAGE_BUGREPORT ""
#define PACKAGE_URL ""
#define COMPILE_DL_THRIFT_PROTOCOL 1
#define STDC_HEADERS 1
#define HAVE_SYS_TYPES_H 1
#define HAVE_SYS_STAT_H 1
#define HAVE_STDLIB_H 1
#define HAVE_STRING_H 1
#define HAVE_MEMORY_H 1
#define HAVE_STRINGS_H 1
#define HAVE_INTTYPES_H 1
#define HAVE_STDINT_H 1
#define HAVE_UNISTD_H 1
#define HAVE_DLFCN_H 1
#define LT_OBJDIR ".libs/"

configure: exit 0
